<?xml version="1.0" encoding="UTF-8"?>
<coverage generated="1744798492605" clover="3.2.0">
  <project timestamp="1744798492605" name="All files">
    <metrics statements="7" coveredstatements="3" conditionals="0" coveredconditionals="0" methods="5" coveredmethods="1" elements="12" coveredelements="4" complexity="0" loc="7" ncloc="7" packages="1" files="1" classes="1"/>
    <file name="math.js" path="/home/dali/Desktop/ssgs-projects/math/math.js">
      <metrics statements="7" coveredstatements="3" conditionals="0" coveredconditionals="0" methods="5" coveredmethods="1"/>
      <line num="2" count="3" type="stmt"/>
      <line num="5" count="0" type="stmt"/>
      <line num="8" count="0" type="stmt"/>
      <line num="11" count="0" type="stmt"/>
      <line num="14" count="0" type="stmt"/>
      <line num="17" count="1" type="stmt"/>
      <line num="19" count="1" type="stmt"/>
    </file>
  </project>
</coverage>
